
  .   ____          _            __ _ _
 /\\ / ___'_ __ _ _(_)_ __  __ _ \ \ \ \
( ( )\___ | '_ | '_| | '_ \/ _` | \ \ \ \
 \\/  ___)| |_)| | | | | || (_| |  ) ) ) )
  '  |____| .__|_| |_|_| |_\__, | / / / /
 =========|_|==============|___/=/_/_/_/

 :: Spring Boot ::                (v3.4.1)

2026-07-05T20:28:40.813+08:00  INFO 86554 --- [ops-erp-api] [           main] c.c.o.api.EngineeringOpsErpApplication   : Starting EngineeringOpsErpApplication v0.1.0 using Java 17.0.19 with PID 86554 (/private/tmp/ops-erp-build/api/ops-erp-api-0.1.0.jar started by mac in /Users/mac/Documents/ERP)
2026-07-05T20:28:40.815+08:00  INFO 86554 --- [ops-erp-api] [           main] c.c.o.api.EngineeringOpsErpApplication   : No active profile set, falling back to 1 default profile: "default"
2026-07-05T20:28:41.868+08:00  INFO 86554 --- [ops-erp-api] [           main] .s.d.r.c.RepositoryConfigurationDelegate : Multiple Spring Data modules found, entering strict repository configuration mode
2026-07-05T20:28:41.868+08:00  INFO 86554 --- [ops-erp-api] [           main] .s.d.r.c.RepositoryConfigurationDelegate : Bootstrapping Spring Data JPA repositories in DEFAULT mode.
2026-07-05T20:28:42.008+08:00  INFO 86554 --- [ops-erp-api] [           main] .s.d.r.c.RepositoryConfigurationDelegate : Finished Spring Data repository scanning in 134 ms. Found 60 JPA repository interfaces.
2026-07-05T20:28:42.595+08:00  INFO 86554 --- [ops-erp-api] [           main] o.s.b.w.embedded.tomcat.TomcatWebServer  : Tomcat initialized with port 8080 (http)
2026-07-05T20:28:42.605+08:00  INFO 86554 --- [ops-erp-api] [           main] o.apache.catalina.core.StandardService   : Starting service [Tomcat]
2026-07-05T20:28:42.605+08:00  INFO 86554 --- [ops-erp-api] [           main] o.apache.catalina.core.StandardEngine    : Starting Servlet engine: [Apache Tomcat/10.1.34]
2026-07-05T20:28:42.634+08:00  INFO 86554 --- [ops-erp-api] [           main] o.a.c.c.C.[Tomcat].[localhost].[/]       : Initializing Spring embedded WebApplicationContext
2026-07-05T20:28:42.634+08:00  INFO 86554 --- [ops-erp-api] [           main] w.s.c.ServletWebServerApplicationContext : Root WebApplicationContext: initialization completed in 1776 ms
2026-07-05T20:28:42.906+08:00  INFO 86554 --- [ops-erp-api] [           main] com.zaxxer.hikari.HikariDataSource       : HikariPool-1 - Starting...
2026-07-05T20:28:43.040+08:00  INFO 86554 --- [ops-erp-api] [           main] com.zaxxer.hikari.pool.HikariPool        : HikariPool-1 - Added connection org.postgresql.jdbc.PgConnection@637d111d
2026-07-05T20:28:43.040+08:00  INFO 86554 --- [ops-erp-api] [           main] com.zaxxer.hikari.HikariDataSource       : HikariPool-1 - Start completed.
2026-07-05T20:28:43.062+08:00  INFO 86554 --- [ops-erp-api] [           main] org.flywaydb.core.FlywayExecutor         : Database: jdbc:postgresql://localhost:5432/ops_erp (PostgreSQL 16.14)
2026-07-05T20:28:43.106+08:00  INFO 86554 --- [ops-erp-api] [           main] o.f.core.internal.command.DbValidate     : Successfully validated 29 migrations (execution time 00:00.019s)
2026-07-05T20:28:43.146+08:00  INFO 86554 --- [ops-erp-api] [           main] o.f.core.internal.command.DbMigrate      : Current version of schema "public": 30
2026-07-05T20:28:43.146+08:00 ERROR 86554 --- [ops-erp-api] [           main] o.f.core.internal.command.DbMigrate      : Schema "public" has version 30, but no migration could be resolved in the configured locations !
2026-07-05T20:28:43.150+08:00  INFO 86554 --- [ops-erp-api] [           main] o.f.core.internal.command.DbMigrate      : Schema "public" is up to date. No migration necessary.
2026-07-05T20:28:43.233+08:00  INFO 86554 --- [ops-erp-api] [           main] o.hibernate.jpa.internal.util.LogHelper  : HHH000204: Processing PersistenceUnitInfo [name: default]
2026-07-05T20:28:43.279+08:00  INFO 86554 --- [ops-erp-api] [           main] org.hibernate.Version                    : HHH000412: Hibernate ORM core version 6.6.4.Final
2026-07-05T20:28:43.309+08:00  INFO 86554 --- [ops-erp-api] [           main] o.h.c.internal.RegionFactoryInitiator    : HHH000026: Second-level cache disabled
2026-07-05T20:28:43.578+08:00  INFO 86554 --- [ops-erp-api] [           main] o.s.o.j.p.SpringPersistenceUnitInfo      : No LoadTimeWeaver setup: ignoring JPA class transformer
2026-07-05T20:28:43.637+08:00  INFO 86554 --- [ops-erp-api] [           main] org.hibernate.orm.connections.pooling    : HHH10001005: Database info:
	Database JDBC URL [Connecting through datasource 'HikariDataSource (HikariPool-1)']
	Database driver: undefined/unknown
	Database version: 16.14
	Autocommit mode: undefined/unknown
	Isolation level: undefined/unknown
	Minimum pool size: undefined/unknown
	Maximum pool size: undefined/unknown
2026-07-05T20:28:44.675+08:00  INFO 86554 --- [ops-erp-api] [           main] o.h.e.t.j.p.i.JtaPlatformInitiator       : HHH000489: No JTA platform available (set 'hibernate.transaction.jta.platform' to enable JTA platform integration)
2026-07-05T20:28:44.842+08:00  INFO 86554 --- [ops-erp-api] [           main] j.LocalContainerEntityManagerFactoryBean : Initialized JPA EntityManagerFactory for persistence unit 'default'
2026-07-05T20:28:45.037+08:00  INFO 86554 --- [ops-erp-api] [           main] o.s.d.j.r.query.QueryEnhancerFactory     : Hibernate is in classpath; If applicable, HQL parser will be used.
2026-07-05T20:28:46.976+08:00  INFO 86554 --- [ops-erp-api] [           main] r$InitializeUserDetailsManagerConfigurer : Global AuthenticationManager configured with UserDetailsService bean with name systemUserDetailsService
